Flutter crash report; please file at https://github.com/flutter/flutter/issues.

## command

flutter --suppress-analytics --verbose build bundle --target=/Users/ajaysaini/Project/ps/startup/roomie/lib/main.dart --snapshot=build/snapshot_blob.bin --depfile=build/snapshot_blob.bin.d --asset-dir=/Users/ajaysaini/Project/ps/startup/roomie/ios/Flutter/flutter_assets --preview-dart-2

## exception

FileSystemException: FileSystemException: Cannot open file, path = 'build/app.dill' (OS Error: No such file or directory, errno = 2)

```
#0      _File.open.<anonymous closure> (dart:io/file_impl.dart:368)
#1      _rootRunUnary (dart:async/zone.dart:1134)
#2      _CustomZone.runUnary (dart:async/zone.dart:1031)
#3      _FutureListener.handleValue (dart:async/future_impl.dart:129)
#4      Future._propagateToListeners.handleValueCallback (dart:async/future_impl.dart:633)
#5      Future._propagateToListeners (dart:async/future_impl.dart:662)
#6      Future._completeWithValue (dart:async/future_impl.dart:477)
#7      Future._asyncComplete.<anonymous closure> (dart:async/future_impl.dart:507)
#8      _rootRun (dart:async/zone.dart:1126)
#9      _CustomZone.run (dart:async/zone.dart:1023)
#10     _CustomZone.bindCallback.<anonymous closure> (dart:async/zone.dart:949)
#11     _microtaskLoop (dart:async/schedule_microtask.dart:41)
#12     _startMicrotaskLoop (dart:async/schedule_microtask.dart:50)
#13     _runPendingImmediateCallback (dart:isolate-patch/dart:isolate/isolate_patch.dart:113)
#14     _RawReceivePortImpl._handleMessage (dart:isolate-patch/dart:isolate/isolate_patch.dart:166)
```

## flutter doctor

```
[✓] Flutter (Channel beta, v0.5.1, on Mac OS X 10.13.3 17D47, locale en-IN)
    • Flutter version 0.5.1 at /Users/ajaysaini/flutterdev/flutter
    • Framework revision c7ea3ca377 (2 months ago), 2018-05-29 21:07:33 +0200
    • Engine revision 1ed25ca7b7
    • Dart version 2.0.0-dev.58.0.flutter-f981f09760

[✓] Android toolchain - develop for Android devices (Android SDK 27.0.3)
    • Android SDK at /Users/ajaysaini/Library/Android/sdk
    • Android NDK location not configured (optional; useful for native profiling support)
    • Platform android-27, build-tools 27.0.3
    • ANDROID_HOME = /Users/ajaysaini/Library/Android/sdk
    • Java binary at: /Applications/Android Studio.app/Contents/jre/jdk/Contents/Home/bin/java
    • Java version OpenJDK Runtime Environment (build 1.8.0_152-release-1024-b01)
    • All Android licenses accepted.

[✓] iOS toolchain - develop for iOS devices (Xcode 9.3)
    • Xcode at /Users/ajaysaini/Downloads/Xcode.app/Contents/Developer
    • Xcode 9.3, Build version 9E145
    • ios-deploy 1.9.2
    • CocoaPods version 1.5.3

[✓] Android Studio (version 3.1)
    • Android Studio at /Applications/Android Studio.app/Contents
    • Flutter plugin version 25.0.1
    • Dart plugin version 173.4700
    • Java version OpenJDK Runtime Environment (build 1.8.0_152-release-1024-b01)

[✓] Connected devices (1 available)
    • iPhone X • C1FEC634-AADB-4D2E-863A-257D9A026A30 • ios • iOS 11.3 (simulator)

• No issues found!
```
